<?xml version="1.0" encoding="UTF-8" standalone="yes"?>
<ns2:test-suite start="1487857697358" stop="1487857739411" version="1.5.0" xmlns:ns2="urn:model.allure.qatools.yandex.ru">
    <name>Default suite : Default test</name>
    <title>Default suite : Default test</title>
    <test-cases>
        <test-case start="1487857705935" stop="1487857716800" status="passed">
            <name>loadFirstPage</name>
            <steps>
                <step start="1487857697656" stop="1487857705783" status="passed">
                    <name>initDriver</name>
                    <title>Initialise web driver</title>
                    <attachments/>
                    <steps/>
                </step>
                <step start="1487857705940" stop="1487857716783" status="passed">
                    <name>load</name>
                    <title>Load Main Page</title>
                    <attachments/>
                    <steps/>
                </step>
            </steps>
            <attachments/>
            <labels>
                <label name="testSuite" value="Default suite"/>
                <label name="testGroup" value="Default test"/>
                <label name="testClass" value="ca.in.test.FullTest"/>
                <label name="testMethod" value="loadFirstPage"/>
                <label name="story" value="First story"/>
                <label name="feature" value="Selenium WebDriver Interview Test"/>
                <label name="host" value="derevyanchenko-pc"/>
                <label name="thread" value="1956@derevyanchenko-pc.main(1)"/>
            </labels>
        </test-case>
        <test-case start="1487857716813" stop="1487857721022" status="passed">
            <name>openIndividualsPage</name>
            <steps>
                <step start="1487857716817" stop="1487857721006" status="passed">
                    <name>openIndividualsPage</name>
                    <attachments/>
                    <steps/>
                </step>
            </steps>
            <attachments/>
            <labels>
                <label name="testSuite" value="Default suite"/>
                <label name="testGroup" value="Default test"/>
                <label name="testClass" value="ca.in.test.FullTest"/>
                <label name="testMethod" value="openIndividualsPage"/>
                <label name="story" value="First story"/>
                <label name="feature" value="Selenium WebDriver Interview Test"/>
                <label name="host" value="derevyanchenko-pc"/>
                <label name="thread" value="1956@derevyanchenko-pc.main(1)"/>
            </labels>
        </test-case>
        <test-case start="1487857721026" stop="1487857721266" status="passed">
            <name>checkLoansLinkClicked</name>
            <steps/>
            <attachments/>
            <labels>
                <label name="testSuite" value="Default suite"/>
                <label name="testGroup" value="Default test"/>
                <label name="testClass" value="ca.in.test.FullTest"/>
                <label name="testMethod" value="checkLoansLinkClicked"/>
                <label name="story" value="First story"/>
                <label name="feature" value="Selenium WebDriver Interview Test"/>
                <label name="host" value="derevyanchenko-pc"/>
                <label name="thread" value="1956@derevyanchenko-pc.main(1)"/>
            </labels>
        </test-case>
        <test-case start="1487857721271" stop="1487857726530" status="passed">
            <name>checkMortgagesLinkClicked</name>
            <steps/>
            <attachments/>
            <labels>
                <label name="testSuite" value="Default suite"/>
                <label name="testGroup" value="Default test"/>
                <label name="testClass" value="ca.in.test.FullTest"/>
                <label name="testMethod" value="checkMortgagesLinkClicked"/>
                <label name="story" value="First story"/>
                <label name="feature" value="Selenium WebDriver Interview Test"/>
                <label name="host" value="derevyanchenko-pc"/>
                <label name="thread" value="1956@derevyanchenko-pc.main(1)"/>
            </labels>
        </test-case>
        <test-case start="1487857726535" stop="1487857731509" status="passed">
            <name>checkCalculateYourPaymentsButtonClicked</name>
            <steps/>
            <attachments/>
            <labels>
                <label name="testSuite" value="Default suite"/>
                <label name="testGroup" value="Default test"/>
                <label name="testClass" value="ca.in.test.FullTest"/>
                <label name="testMethod" value="checkCalculateYourPaymentsButtonClicked"/>
                <label name="story" value="First story"/>
                <label name="feature" value="Selenium WebDriver Interview Test"/>
                <label name="host" value="derevyanchenko-pc"/>
                <label name="thread" value="1956@derevyanchenko-pc.main(1)"/>
            </labels>
        </test-case>
        <test-case start="1487857731515" stop="1487857731787" status="passed">
            <name>checkPurchasePriceSliderWork</name>
            <steps/>
            <attachments/>
            <labels>
                <label name="testSuite" value="Default suite"/>
                <label name="testGroup" value="Default test"/>
                <label name="testClass" value="ca.in.test.FullTest"/>
                <label name="testMethod" value="checkPurchasePriceSliderWork"/>
                <label name="story" value="First story"/>
                <label name="feature" value="Selenium WebDriver Interview Test"/>
                <label name="host" value="derevyanchenko-pc"/>
                <label name="thread" value="1956@derevyanchenko-pc.main(1)"/>
            </labels>
        </test-case>
        <test-case start="1487857731792" stop="1487857733954" status="passed">
            <name>checkClearSliderPositionUsingPurchasePriceFieldVariantFirst</name>
            <steps/>
            <attachments/>
            <labels>
                <label name="testSuite" value="Default suite"/>
                <label name="testGroup" value="Default test"/>
                <label name="testClass" value="ca.in.test.FullTest"/>
                <label name="testMethod" value="checkClearSliderPositionUsingPurchasePriceFieldVariantFirst"/>
                <label name="story" value="First story"/>
                <label name="feature" value="Selenium WebDriver Interview Test"/>
                <label name="host" value="derevyanchenko-pc"/>
                <label name="thread" value="1956@derevyanchenko-pc.main(1)"/>
            </labels>
        </test-case>
        <test-case start="1487857733958" stop="1487857734023" status="passed">
            <name>checkClearSliderPositionUsingPurchasePriceFieldVariantSecond</name>
            <steps/>
            <attachments/>
            <labels>
                <label name="testSuite" value="Default suite"/>
                <label name="testGroup" value="Default test"/>
                <label name="testClass" value="ca.in.test.FullTest"/>
                <label name="testMethod" value="checkClearSliderPositionUsingPurchasePriceFieldVariantSecond"/>
                <label name="story" value="First story"/>
                <label name="feature" value="Selenium WebDriver Interview Test"/>
                <label name="host" value="derevyanchenko-pc"/>
                <label name="thread" value="1956@derevyanchenko-pc.main(1)"/>
            </labels>
        </test-case>
        <test-case start="1487857734028" stop="1487857734392" status="passed">
            <name>checkPurchasePriceSliderChangePositionWithSliderPlusButton</name>
            <steps/>
            <attachments/>
            <labels>
                <label name="testSuite" value="Default suite"/>
                <label name="testGroup" value="Default test"/>
                <label name="testClass" value="ca.in.test.FullTest"/>
                <label name="testMethod" value="checkPurchasePriceSliderChangePositionWithSliderPlusButton"/>
                <label name="story" value="First story"/>
                <label name="feature" value="Selenium WebDriver Interview Test"/>
                <label name="host" value="derevyanchenko-pc"/>
                <label name="thread" value="1956@derevyanchenko-pc.main(1)"/>
            </labels>
        </test-case>
        <test-case start="1487857734396" stop="1487857736534" status="passed">
            <name>checkDownPaymentSliderChangePosition</name>
            <steps/>
            <attachments/>
            <labels>
                <label name="testSuite" value="Default suite"/>
                <label name="testGroup" value="Default test"/>
                <label name="testClass" value="ca.in.test.FullTest"/>
                <label name="testMethod" value="checkDownPaymentSliderChangePosition"/>
                <label name="story" value="First story"/>
                <label name="feature" value="Selenium WebDriver Interview Test"/>
                <label name="host" value="derevyanchenko-pc"/>
                <label name="thread" value="1956@derevyanchenko-pc.main(1)"/>
            </labels>
        </test-case>
        <test-case start="1487857736541" stop="1487857736801" status="passed">
            <name>checkAmortissementDropdown</name>
            <steps/>
            <attachments/>
            <labels>
                <label name="testSuite" value="Default suite"/>
                <label name="testGroup" value="Default test"/>
                <label name="testClass" value="ca.in.test.FullTest"/>
                <label name="testMethod" value="checkAmortissementDropdown"/>
                <label name="story" value="First story"/>
                <label name="feature" value="Selenium WebDriver Interview Test"/>
                <label name="host" value="derevyanchenko-pc"/>
                <label name="thread" value="1956@derevyanchenko-pc.main(1)"/>
            </labels>
        </test-case>
        <test-case start="1487857736805" stop="1487857736996" status="passed">
            <name>checkFrequenceVersementDropdown</name>
            <steps/>
            <attachments/>
            <labels>
                <label name="testSuite" value="Default suite"/>
                <label name="testGroup" value="Default test"/>
                <label name="testClass" value="ca.in.test.FullTest"/>
                <label name="testMethod" value="checkFrequenceVersementDropdown"/>
                <label name="story" value="First story"/>
                <label name="feature" value="Selenium WebDriver Interview Test"/>
                <label name="host" value="derevyanchenko-pc"/>
                <label name="thread" value="1956@derevyanchenko-pc.main(1)"/>
            </labels>
        </test-case>
        <test-case start="1487857737000" stop="1487857737264" status="passed">
            <name>checkTauxInteretField</name>
            <steps/>
            <attachments/>
            <labels>
                <label name="testSuite" value="Default suite"/>
                <label name="testGroup" value="Default test"/>
                <label name="testClass" value="ca.in.test.FullTest"/>
                <label name="testMethod" value="checkTauxInteretField"/>
                <label name="story" value="First story"/>
                <label name="feature" value="Selenium WebDriver Interview Test"/>
                <label name="host" value="derevyanchenko-pc"/>
                <label name="thread" value="1956@derevyanchenko-pc.main(1)"/>
            </labels>
        </test-case>
        <test-case start="1487857737269" stop="1487857737444" status="passed">
            <name>checkbtnCalculerButton</name>
            <steps/>
            <attachments/>
            <labels>
                <label name="testSuite" value="Default suite"/>
                <label name="testGroup" value="Default test"/>
                <label name="testClass" value="ca.in.test.FullTest"/>
                <label name="testMethod" value="checkbtnCalculerButton"/>
                <label name="story" value="First story"/>
                <label name="feature" value="Selenium WebDriver Interview Test"/>
                <label name="host" value="derevyanchenko-pc"/>
                <label name="thread" value="1956@derevyanchenko-pc.main(1)"/>
            </labels>
        </test-case>
        <test-case start="1487857737448" stop="1487857738211" status="failed">
            <name>checkPaymentResultats</name>
            <failure>
                <message>AssertionError: expected [$ 836.75] but found [$ 726.35]</message>
                <stack-trace>java.lang.AssertionError: expected [$ 836.75] but found [$ 726.35]
	at org.testng.Assert.fail(Assert.java:94)
	at org.testng.Assert.failNotEquals(Assert.java:513)
	at org.testng.Assert.assertEqualsImpl(Assert.java:135)
	at org.testng.Assert.assertEquals(Assert.java:116)
	at org.testng.Assert.assertEquals(Assert.java:190)
	at org.testng.Assert.assertEquals(Assert.java:200)
	at ca.in.test.MortgagePaymentCalculatorPage.checkPaymentResultats(MortgagePaymentCalculatorPage.java:267)
	at ca.in.test.FullTest.checkPaymentResultats(FullTest.java:194)
	at sun.reflect.NativeMethodAccessorImpl.invoke0(Native Method)
	at sun.reflect.NativeMethodAccessorImpl.invoke(Unknown Source)
	at sun.reflect.DelegatingMethodAccessorImpl.invoke(Unknown Source)
	at java.lang.reflect.Method.invoke(Unknown Source)
	at org.testng.internal.MethodInvocationHelper.invokeMethod(MethodInvocationHelper.java:104)
	at org.testng.internal.Invoker.invokeMethod(Invoker.java:645)
	at org.testng.internal.Invoker.invokeTestMethod(Invoker.java:851)
	at org.testng.internal.Invoker.invokeTestMethods(Invoker.java:1177)
	at org.testng.internal.TestMethodWorker.invokeTestMethods(TestMethodWorker.java:129)
	at org.testng.internal.TestMethodWorker.run(TestMethodWorker.java:112)
	at org.testng.TestRunner.privateRun(TestRunner.java:756)
	at org.testng.TestRunner.run(TestRunner.java:610)
	at org.testng.SuiteRunner.runTest(SuiteRunner.java:387)
	at org.testng.SuiteRunner.runSequentially(SuiteRunner.java:382)
	at org.testng.SuiteRunner.privateRun(SuiteRunner.java:340)
	at org.testng.SuiteRunner.run(SuiteRunner.java:289)
	at org.testng.SuiteRunnerWorker.runSuite(SuiteRunnerWorker.java:52)
	at org.testng.SuiteRunnerWorker.run(SuiteRunnerWorker.java:86)
	at org.testng.TestNG.runSuitesSequentially(TestNG.java:1293)
	at org.testng.TestNG.runSuitesLocally(TestNG.java:1218)
	at org.testng.TestNG.runSuites(TestNG.java:1133)
	at org.testng.TestNG.run(TestNG.java:1104)
	at org.testng.remote.AbstractRemoteTestNG.run(AbstractRemoteTestNG.java:132)
	at org.testng.remote.RemoteTestNG.initAndRun(RemoteTestNG.java:236)
	at org.testng.remote.RemoteTestNG.main(RemoteTestNG.java:81)
</stack-trace>
            </failure>
            <steps/>
            <attachments/>
            <labels>
                <label name="testSuite" value="Default suite"/>
                <label name="testGroup" value="Default test"/>
                <label name="testClass" value="ca.in.test.FullTest"/>
                <label name="testMethod" value="checkPaymentResultats"/>
                <label name="story" value="First story"/>
                <label name="feature" value="Selenium WebDriver Interview Test"/>
                <label name="host" value="derevyanchenko-pc"/>
                <label name="thread" value="1956@derevyanchenko-pc.main(1)"/>
            </labels>
        </test-case>
    </test-cases>
    <labels>
        <label name="framework" value="TestNG"/>
        <label name="language" value="JAVA"/>
    </labels>
</ns2:test-suite>
