<?xml version="1.0" encoding="UTF-8" standalone="yes"?>
<ns2:test-suite start="1487850307864" stop="1487850345908" version="1.5.0" xmlns:ns2="urn:model.allure.qatools.yandex.ru">
    <name>package ca.in.test : ca.in.test</name>
    <title>package ca.in.test : ca.in.test</title>
    <test-cases>
        <test-case start="1487850316577" stop="1487850326290" status="passed">
            <name>loadFirstPage</name>
            <steps>
                <step start="1487850308242" stop="1487850316433" status="passed">
                    <name>initDriver</name>
                    <title>Initialise web driver</title>
                    <attachments/>
                    <steps/>
                </step>
                <step start="1487850316584" stop="1487850326272" status="passed">
                    <name>load</name>
                    <title>Load Main Page</title>
                    <attachments/>
                    <steps/>
                </step>
            </steps>
            <attachments/>
            <labels>
                <label name="testSuite" value="package ca.in.test"/>
                <label name="testGroup" value="ca.in.test"/>
                <label name="testClass" value="ca.in.test.FullTest"/>
                <label name="testMethod" value="loadFirstPage"/>
                <label name="story" value="First story"/>
                <label name="feature" value="Selenium WebDriver Interview Test"/>
                <label name="host" value="derevyanchenko-pc"/>
                <label name="thread" value="21180@derevyanchenko-pc.main(1)"/>
            </labels>
        </test-case>
        <test-case start="1487850326299" stop="1487850330783" status="passed">
            <name>openIndividualsPage</name>
            <steps>
                <step start="1487850326302" stop="1487850330767" status="passed">
                    <name>openIndividualsPage</name>
                    <attachments/>
                    <steps/>
                </step>
            </steps>
            <attachments/>
            <labels>
                <label name="testSuite" value="package ca.in.test"/>
                <label name="testGroup" value="ca.in.test"/>
                <label name="testClass" value="ca.in.test.FullTest"/>
                <label name="testMethod" value="openIndividualsPage"/>
                <label name="story" value="First story"/>
                <label name="feature" value="Selenium WebDriver Interview Test"/>
                <label name="host" value="derevyanchenko-pc"/>
                <label name="thread" value="21180@derevyanchenko-pc.main(1)"/>
            </labels>
        </test-case>
        <test-case start="1487850330786" stop="1487850331068" status="passed">
            <name>checkLoansLinkClicked</name>
            <steps/>
            <attachments/>
            <labels>
                <label name="testSuite" value="package ca.in.test"/>
                <label name="testGroup" value="ca.in.test"/>
                <label name="testClass" value="ca.in.test.FullTest"/>
                <label name="testMethod" value="checkLoansLinkClicked"/>
                <label name="story" value="First story"/>
                <label name="feature" value="Selenium WebDriver Interview Test"/>
                <label name="host" value="derevyanchenko-pc"/>
                <label name="thread" value="21180@derevyanchenko-pc.main(1)"/>
            </labels>
        </test-case>
        <test-case start="1487850331071" stop="1487850334654" status="passed">
            <name>checkMortgagesLinkClicked</name>
            <steps/>
            <attachments/>
            <labels>
                <label name="testSuite" value="package ca.in.test"/>
                <label name="testGroup" value="ca.in.test"/>
                <label name="testClass" value="ca.in.test.FullTest"/>
                <label name="testMethod" value="checkMortgagesLinkClicked"/>
                <label name="story" value="First story"/>
                <label name="feature" value="Selenium WebDriver Interview Test"/>
                <label name="host" value="derevyanchenko-pc"/>
                <label name="thread" value="21180@derevyanchenko-pc.main(1)"/>
            </labels>
        </test-case>
        <test-case start="1487850334658" stop="1487850339289" status="passed">
            <name>checkCalculateYourPaymentsButtonClicked</name>
            <steps/>
            <attachments/>
            <labels>
                <label name="testSuite" value="package ca.in.test"/>
                <label name="testGroup" value="ca.in.test"/>
                <label name="testClass" value="ca.in.test.FullTest"/>
                <label name="testMethod" value="checkCalculateYourPaymentsButtonClicked"/>
                <label name="story" value="First story"/>
                <label name="feature" value="Selenium WebDriver Interview Test"/>
                <label name="host" value="derevyanchenko-pc"/>
                <label name="thread" value="21180@derevyanchenko-pc.main(1)"/>
            </labels>
        </test-case>
        <test-case start="1487850339293" stop="1487850339568" status="passed">
            <name>checkPurchasePriceSliderWork</name>
            <steps/>
            <attachments/>
            <labels>
                <label name="testSuite" value="package ca.in.test"/>
                <label name="testGroup" value="ca.in.test"/>
                <label name="testClass" value="ca.in.test.FullTest"/>
                <label name="testMethod" value="checkPurchasePriceSliderWork"/>
                <label name="story" value="First story"/>
                <label name="feature" value="Selenium WebDriver Interview Test"/>
                <label name="host" value="derevyanchenko-pc"/>
                <label name="thread" value="21180@derevyanchenko-pc.main(1)"/>
            </labels>
        </test-case>
        <test-case start="1487850339572" stop="1487850341753" status="passed">
            <name>checkClearSliderPositionUsingPurchasePriceFieldVariantFirst</name>
            <steps/>
            <attachments/>
            <labels>
                <label name="testSuite" value="package ca.in.test"/>
                <label name="testGroup" value="ca.in.test"/>
                <label name="testClass" value="ca.in.test.FullTest"/>
                <label name="testMethod" value="checkClearSliderPositionUsingPurchasePriceFieldVariantFirst"/>
                <label name="story" value="First story"/>
                <label name="feature" value="Selenium WebDriver Interview Test"/>
                <label name="host" value="derevyanchenko-pc"/>
                <label name="thread" value="21180@derevyanchenko-pc.main(1)"/>
            </labels>
        </test-case>
        <test-case start="1487850341757" stop="1487850341828" status="passed">
            <name>checkClearSliderPositionUsingPurchasePriceFieldVariantSecond</name>
            <steps/>
            <attachments/>
            <labels>
                <label name="testSuite" value="package ca.in.test"/>
                <label name="testGroup" value="ca.in.test"/>
                <label name="testClass" value="ca.in.test.FullTest"/>
                <label name="testMethod" value="checkClearSliderPositionUsingPurchasePriceFieldVariantSecond"/>
                <label name="story" value="First story"/>
                <label name="feature" value="Selenium WebDriver Interview Test"/>
                <label name="host" value="derevyanchenko-pc"/>
                <label name="thread" value="21180@derevyanchenko-pc.main(1)"/>
            </labels>
        </test-case>
        <test-case start="1487850341832" stop="1487850344112" status="broken">
            <name>checkPurchasePriceSliderChangePositionWithSliderPlusButton</name>
            <failure>
                <message>Exception: null</message>
                <stack-trace>java.lang.Exception
	at ca.in.test.MortgagePaymentCalculatorPage.setPurchasePriceSliderValueTo(MortgagePaymentCalculatorPage.java:155)
	at ca.in.test.FullTest.checkPurchasePriceSliderChangePositionWithSliderPlusButton(FullTest.java:158)
	at sun.reflect.NativeMethodAccessorImpl.invoke0(Native Method)
	at sun.reflect.NativeMethodAccessorImpl.invoke(NativeMethodAccessorImpl.java:62)
	at sun.reflect.DelegatingMethodAccessorImpl.invoke(DelegatingMethodAccessorImpl.java:43)
	at java.lang.reflect.Method.invoke(Method.java:498)
	at org.testng.internal.MethodInvocationHelper.invokeMethod(MethodInvocationHelper.java:104)
	at org.testng.internal.Invoker.invokeMethod(Invoker.java:645)
	at org.testng.internal.Invoker.invokeTestMethod(Invoker.java:851)
	at org.testng.internal.Invoker.invokeTestMethods(Invoker.java:1177)
	at org.testng.internal.TestMethodWorker.invokeTestMethods(TestMethodWorker.java:129)
	at org.testng.internal.TestMethodWorker.run(TestMethodWorker.java:112)
	at org.testng.TestRunner.privateRun(TestRunner.java:756)
	at org.testng.TestRunner.run(TestRunner.java:610)
	at org.testng.SuiteRunner.runTest(SuiteRunner.java:387)
	at org.testng.SuiteRunner.runSequentially(SuiteRunner.java:382)
	at org.testng.SuiteRunner.privateRun(SuiteRunner.java:340)
	at org.testng.SuiteRunner.run(SuiteRunner.java:289)
	at org.testng.SuiteRunnerWorker.runSuite(SuiteRunnerWorker.java:52)
	at org.testng.SuiteRunnerWorker.run(SuiteRunnerWorker.java:86)
	at org.testng.TestNG.runSuitesSequentially(TestNG.java:1293)
	at org.testng.TestNG.runSuitesLocally(TestNG.java:1218)
	at org.testng.TestNG.runSuites(TestNG.java:1133)
	at org.testng.TestNG.run(TestNG.java:1104)
	at org.apache.maven.surefire.testng.TestNGExecutor.run(TestNGExecutor.java:281)
	at org.apache.maven.surefire.testng.TestNGXmlTestSuite.execute(TestNGXmlTestSuite.java:75)
	at org.apache.maven.surefire.testng.TestNGProvider.invoke(TestNGProvider.java:121)
	at org.apache.maven.surefire.booter.ForkedBooter.invokeProviderInSameClassLoader(ForkedBooter.java:290)
	at org.apache.maven.surefire.booter.ForkedBooter.runSuitesInProcess(ForkedBooter.java:242)
	at org.apache.maven.surefire.booter.ForkedBooter.main(ForkedBooter.java:121)
</stack-trace>
            </failure>
            <steps/>
            <attachments/>
            <labels>
                <label name="testSuite" value="package ca.in.test"/>
                <label name="testGroup" value="ca.in.test"/>
                <label name="testClass" value="ca.in.test.FullTest"/>
                <label name="testMethod" value="checkPurchasePriceSliderChangePositionWithSliderPlusButton"/>
                <label name="story" value="First story"/>
                <label name="feature" value="Selenium WebDriver Interview Test"/>
                <label name="host" value="derevyanchenko-pc"/>
                <label name="thread" value="21180@derevyanchenko-pc.main(1)"/>
            </labels>
        </test-case>
        <test-case start="1487850344153" stop="1487850344157" status="canceled">
            <name>checkDownPaymentSliderChangePosition</name>
            <failure>
                <message>: Skipped due to dependency on other skipped or failed test methods</message>
                <stack-trace>ru.yandex.qatools.allure.testng.AllureTestListener$1: Skipped due to dependency on other skipped or failed test methods
	at ru.yandex.qatools.allure.testng.AllureTestListener.fireTestCaseCancel(AllureTestListener.java:424)
	at ru.yandex.qatools.allure.testng.AllureTestListener.onTestSkipped(AllureTestListener.java:185)
	at org.testng.internal.Invoker.runTestListeners(Invoker.java:1708)
	at org.testng.internal.Invoker.runTestListeners(Invoker.java:1699)
	at org.testng.internal.Invoker.registerSkippedTestResult(Invoker.java:1257)
	at org.testng.internal.Invoker.invokeTestMethods(Invoker.java:1068)
	at org.testng.internal.TestMethodWorker.invokeTestMethods(TestMethodWorker.java:129)
	at org.testng.internal.TestMethodWorker.run(TestMethodWorker.java:112)
	at org.testng.TestRunner.privateRun(TestRunner.java:756)
	at org.testng.TestRunner.run(TestRunner.java:610)
	at org.testng.SuiteRunner.runTest(SuiteRunner.java:387)
	at org.testng.SuiteRunner.runSequentially(SuiteRunner.java:382)
	at org.testng.SuiteRunner.privateRun(SuiteRunner.java:340)
	at org.testng.SuiteRunner.run(SuiteRunner.java:289)
	at org.testng.SuiteRunnerWorker.runSuite(SuiteRunnerWorker.java:52)
	at org.testng.SuiteRunnerWorker.run(SuiteRunnerWorker.java:86)
	at org.testng.TestNG.runSuitesSequentially(TestNG.java:1293)
	at org.testng.TestNG.runSuitesLocally(TestNG.java:1218)
	at org.testng.TestNG.runSuites(TestNG.java:1133)
	at org.testng.TestNG.run(TestNG.java:1104)
	at org.apache.maven.surefire.testng.TestNGExecutor.run(TestNGExecutor.java:281)
	at org.apache.maven.surefire.testng.TestNGXmlTestSuite.execute(TestNGXmlTestSuite.java:75)
	at org.apache.maven.surefire.testng.TestNGProvider.invoke(TestNGProvider.java:121)
	at org.apache.maven.surefire.booter.ForkedBooter.invokeProviderInSameClassLoader(ForkedBooter.java:290)
	at org.apache.maven.surefire.booter.ForkedBooter.runSuitesInProcess(ForkedBooter.java:242)
	at org.apache.maven.surefire.booter.ForkedBooter.main(ForkedBooter.java:121)
</stack-trace>
            </failure>
            <steps/>
            <attachments/>
            <labels>
                <label name="testSuite" value="package ca.in.test"/>
                <label name="testGroup" value="ca.in.test"/>
                <label name="testClass" value="ca.in.test.FullTest"/>
                <label name="testMethod" value="checkDownPaymentSliderChangePosition"/>
                <label name="host" value="derevyanchenko-pc"/>
                <label name="thread" value="21180@derevyanchenko-pc.main(1)"/>
            </labels>
        </test-case>
        <test-case start="1487850344162" stop="1487850344164" status="canceled">
            <name>checkAmortissementDropdown</name>
            <failure>
                <message>: Skipped due to dependency on other skipped or failed test methods</message>
                <stack-trace>ru.yandex.qatools.allure.testng.AllureTestListener$1: Skipped due to dependency on other skipped or failed test methods
	at ru.yandex.qatools.allure.testng.AllureTestListener.fireTestCaseCancel(AllureTestListener.java:424)
	at ru.yandex.qatools.allure.testng.AllureTestListener.onTestSkipped(AllureTestListener.java:185)
	at org.testng.internal.Invoker.runTestListeners(Invoker.java:1708)
	at org.testng.internal.Invoker.runTestListeners(Invoker.java:1699)
	at org.testng.internal.Invoker.registerSkippedTestResult(Invoker.java:1257)
	at org.testng.internal.Invoker.invokeTestMethods(Invoker.java:1068)
	at org.testng.internal.TestMethodWorker.invokeTestMethods(TestMethodWorker.java:129)
	at org.testng.internal.TestMethodWorker.run(TestMethodWorker.java:112)
	at org.testng.TestRunner.privateRun(TestRunner.java:756)
	at org.testng.TestRunner.run(TestRunner.java:610)
	at org.testng.SuiteRunner.runTest(SuiteRunner.java:387)
	at org.testng.SuiteRunner.runSequentially(SuiteRunner.java:382)
	at org.testng.SuiteRunner.privateRun(SuiteRunner.java:340)
	at org.testng.SuiteRunner.run(SuiteRunner.java:289)
	at org.testng.SuiteRunnerWorker.runSuite(SuiteRunnerWorker.java:52)
	at org.testng.SuiteRunnerWorker.run(SuiteRunnerWorker.java:86)
	at org.testng.TestNG.runSuitesSequentially(TestNG.java:1293)
	at org.testng.TestNG.runSuitesLocally(TestNG.java:1218)
	at org.testng.TestNG.runSuites(TestNG.java:1133)
	at org.testng.TestNG.run(TestNG.java:1104)
	at org.apache.maven.surefire.testng.TestNGExecutor.run(TestNGExecutor.java:281)
	at org.apache.maven.surefire.testng.TestNGXmlTestSuite.execute(TestNGXmlTestSuite.java:75)
	at org.apache.maven.surefire.testng.TestNGProvider.invoke(TestNGProvider.java:121)
	at org.apache.maven.surefire.booter.ForkedBooter.invokeProviderInSameClassLoader(ForkedBooter.java:290)
	at org.apache.maven.surefire.booter.ForkedBooter.runSuitesInProcess(ForkedBooter.java:242)
	at org.apache.maven.surefire.booter.ForkedBooter.main(ForkedBooter.java:121)
</stack-trace>
            </failure>
            <steps/>
            <attachments/>
            <labels>
                <label name="testSuite" value="package ca.in.test"/>
                <label name="testGroup" value="ca.in.test"/>
                <label name="testClass" value="ca.in.test.FullTest"/>
                <label name="testMethod" value="checkAmortissementDropdown"/>
                <label name="host" value="derevyanchenko-pc"/>
                <label name="thread" value="21180@derevyanchenko-pc.main(1)"/>
            </labels>
        </test-case>
        <test-case start="1487850344174" stop="1487850344176" status="canceled">
            <name>checkFrequenceVersementDropdown</name>
            <failure>
                <message>: Skipped due to dependency on other skipped or failed test methods</message>
                <stack-trace>ru.yandex.qatools.allure.testng.AllureTestListener$1: Skipped due to dependency on other skipped or failed test methods
	at ru.yandex.qatools.allure.testng.AllureTestListener.fireTestCaseCancel(AllureTestListener.java:424)
	at ru.yandex.qatools.allure.testng.AllureTestListener.onTestSkipped(AllureTestListener.java:185)
	at org.testng.internal.Invoker.runTestListeners(Invoker.java:1708)
	at org.testng.internal.Invoker.runTestListeners(Invoker.java:1699)
	at org.testng.internal.Invoker.registerSkippedTestResult(Invoker.java:1257)
	at org.testng.internal.Invoker.invokeTestMethods(Invoker.java:1068)
	at org.testng.internal.TestMethodWorker.invokeTestMethods(TestMethodWorker.java:129)
	at org.testng.internal.TestMethodWorker.run(TestMethodWorker.java:112)
	at org.testng.TestRunner.privateRun(TestRunner.java:756)
	at org.testng.TestRunner.run(TestRunner.java:610)
	at org.testng.SuiteRunner.runTest(SuiteRunner.java:387)
	at org.testng.SuiteRunner.runSequentially(SuiteRunner.java:382)
	at org.testng.SuiteRunner.privateRun(SuiteRunner.java:340)
	at org.testng.SuiteRunner.run(SuiteRunner.java:289)
	at org.testng.SuiteRunnerWorker.runSuite(SuiteRunnerWorker.java:52)
	at org.testng.SuiteRunnerWorker.run(SuiteRunnerWorker.java:86)
	at org.testng.TestNG.runSuitesSequentially(TestNG.java:1293)
	at org.testng.TestNG.runSuitesLocally(TestNG.java:1218)
	at org.testng.TestNG.runSuites(TestNG.java:1133)
	at org.testng.TestNG.run(TestNG.java:1104)
	at org.apache.maven.surefire.testng.TestNGExecutor.run(TestNGExecutor.java:281)
	at org.apache.maven.surefire.testng.TestNGXmlTestSuite.execute(TestNGXmlTestSuite.java:75)
	at org.apache.maven.surefire.testng.TestNGProvider.invoke(TestNGProvider.java:121)
	at org.apache.maven.surefire.booter.ForkedBooter.invokeProviderInSameClassLoader(ForkedBooter.java:290)
	at org.apache.maven.surefire.booter.ForkedBooter.runSuitesInProcess(ForkedBooter.java:242)
	at org.apache.maven.surefire.booter.ForkedBooter.main(ForkedBooter.java:121)
</stack-trace>
            </failure>
            <steps/>
            <attachments/>
            <labels>
                <label name="testSuite" value="package ca.in.test"/>
                <label name="testGroup" value="ca.in.test"/>
                <label name="testClass" value="ca.in.test.FullTest"/>
                <label name="testMethod" value="checkFrequenceVersementDropdown"/>
                <label name="host" value="derevyanchenko-pc"/>
                <label name="thread" value="21180@derevyanchenko-pc.main(1)"/>
            </labels>
        </test-case>
        <test-case start="1487850344188" stop="1487850344196" status="canceled">
            <name>checkTauxInteretField</name>
            <failure>
                <message>: Skipped due to dependency on other skipped or failed test methods</message>
                <stack-trace>ru.yandex.qatools.allure.testng.AllureTestListener$1: Skipped due to dependency on other skipped or failed test methods
	at ru.yandex.qatools.allure.testng.AllureTestListener.fireTestCaseCancel(AllureTestListener.java:424)
	at ru.yandex.qatools.allure.testng.AllureTestListener.onTestSkipped(AllureTestListener.java:185)
	at org.testng.internal.Invoker.runTestListeners(Invoker.java:1708)
	at org.testng.internal.Invoker.runTestListeners(Invoker.java:1699)
	at org.testng.internal.Invoker.registerSkippedTestResult(Invoker.java:1257)
	at org.testng.internal.Invoker.invokeTestMethods(Invoker.java:1068)
	at org.testng.internal.TestMethodWorker.invokeTestMethods(TestMethodWorker.java:129)
	at org.testng.internal.TestMethodWorker.run(TestMethodWorker.java:112)
	at org.testng.TestRunner.privateRun(TestRunner.java:756)
	at org.testng.TestRunner.run(TestRunner.java:610)
	at org.testng.SuiteRunner.runTest(SuiteRunner.java:387)
	at org.testng.SuiteRunner.runSequentially(SuiteRunner.java:382)
	at org.testng.SuiteRunner.privateRun(SuiteRunner.java:340)
	at org.testng.SuiteRunner.run(SuiteRunner.java:289)
	at org.testng.SuiteRunnerWorker.runSuite(SuiteRunnerWorker.java:52)
	at org.testng.SuiteRunnerWorker.run(SuiteRunnerWorker.java:86)
	at org.testng.TestNG.runSuitesSequentially(TestNG.java:1293)
	at org.testng.TestNG.runSuitesLocally(TestNG.java:1218)
	at org.testng.TestNG.runSuites(TestNG.java:1133)
	at org.testng.TestNG.run(TestNG.java:1104)
	at org.apache.maven.surefire.testng.TestNGExecutor.run(TestNGExecutor.java:281)
	at org.apache.maven.surefire.testng.TestNGXmlTestSuite.execute(TestNGXmlTestSuite.java:75)
	at org.apache.maven.surefire.testng.TestNGProvider.invoke(TestNGProvider.java:121)
	at org.apache.maven.surefire.booter.ForkedBooter.invokeProviderInSameClassLoader(ForkedBooter.java:290)
	at org.apache.maven.surefire.booter.ForkedBooter.runSuitesInProcess(ForkedBooter.java:242)
	at org.apache.maven.surefire.booter.ForkedBooter.main(ForkedBooter.java:121)
</stack-trace>
            </failure>
            <steps/>
            <attachments/>
            <labels>
                <label name="testSuite" value="package ca.in.test"/>
                <label name="testGroup" value="ca.in.test"/>
                <label name="testClass" value="ca.in.test.FullTest"/>
                <label name="testMethod" value="checkTauxInteretField"/>
                <label name="host" value="derevyanchenko-pc"/>
                <label name="thread" value="21180@derevyanchenko-pc.main(1)"/>
            </labels>
        </test-case>
        <test-case start="1487850344203" stop="1487850344204" status="canceled">
            <name>checkbtnCalculerButton</name>
            <failure>
                <message>: Skipped due to dependency on other skipped or failed test methods</message>
                <stack-trace>ru.yandex.qatools.allure.testng.AllureTestListener$1: Skipped due to dependency on other skipped or failed test methods
	at ru.yandex.qatools.allure.testng.AllureTestListener.fireTestCaseCancel(AllureTestListener.java:424)
	at ru.yandex.qatools.allure.testng.AllureTestListener.onTestSkipped(AllureTestListener.java:185)
	at org.testng.internal.Invoker.runTestListeners(Invoker.java:1708)
	at org.testng.internal.Invoker.runTestListeners(Invoker.java:1699)
	at org.testng.internal.Invoker.registerSkippedTestResult(Invoker.java:1257)
	at org.testng.internal.Invoker.invokeTestMethods(Invoker.java:1068)
	at org.testng.internal.TestMethodWorker.invokeTestMethods(TestMethodWorker.java:129)
	at org.testng.internal.TestMethodWorker.run(TestMethodWorker.java:112)
	at org.testng.TestRunner.privateRun(TestRunner.java:756)
	at org.testng.TestRunner.run(TestRunner.java:610)
	at org.testng.SuiteRunner.runTest(SuiteRunner.java:387)
	at org.testng.SuiteRunner.runSequentially(SuiteRunner.java:382)
	at org.testng.SuiteRunner.privateRun(SuiteRunner.java:340)
	at org.testng.SuiteRunner.run(SuiteRunner.java:289)
	at org.testng.SuiteRunnerWorker.runSuite(SuiteRunnerWorker.java:52)
	at org.testng.SuiteRunnerWorker.run(SuiteRunnerWorker.java:86)
	at org.testng.TestNG.runSuitesSequentially(TestNG.java:1293)
	at org.testng.TestNG.runSuitesLocally(TestNG.java:1218)
	at org.testng.TestNG.runSuites(TestNG.java:1133)
	at org.testng.TestNG.run(TestNG.java:1104)
	at org.apache.maven.surefire.testng.TestNGExecutor.run(TestNGExecutor.java:281)
	at org.apache.maven.surefire.testng.TestNGXmlTestSuite.execute(TestNGXmlTestSuite.java:75)
	at org.apache.maven.surefire.testng.TestNGProvider.invoke(TestNGProvider.java:121)
	at org.apache.maven.surefire.booter.ForkedBooter.invokeProviderInSameClassLoader(ForkedBooter.java:290)
	at org.apache.maven.surefire.booter.ForkedBooter.runSuitesInProcess(ForkedBooter.java:242)
	at org.apache.maven.surefire.booter.ForkedBooter.main(ForkedBooter.java:121)
</stack-trace>
            </failure>
            <steps/>
            <attachments/>
            <labels>
                <label name="testSuite" value="package ca.in.test"/>
                <label name="testGroup" value="ca.in.test"/>
                <label name="testClass" value="ca.in.test.FullTest"/>
                <label name="testMethod" value="checkbtnCalculerButton"/>
                <label name="host" value="derevyanchenko-pc"/>
                <label name="thread" value="21180@derevyanchenko-pc.main(1)"/>
            </labels>
        </test-case>
        <test-case start="1487850344208" stop="1487850344208" status="canceled">
            <name>checkPaymentResultats</name>
            <failure>
                <message>: Skipped due to dependency on other skipped or failed test methods</message>
                <stack-trace>ru.yandex.qatools.allure.testng.AllureTestListener$1: Skipped due to dependency on other skipped or failed test methods
	at ru.yandex.qatools.allure.testng.AllureTestListener.fireTestCaseCancel(AllureTestListener.java:424)
	at ru.yandex.qatools.allure.testng.AllureTestListener.onTestSkipped(AllureTestListener.java:185)
	at org.testng.internal.Invoker.runTestListeners(Invoker.java:1708)
	at org.testng.internal.Invoker.runTestListeners(Invoker.java:1699)
	at org.testng.internal.Invoker.registerSkippedTestResult(Invoker.java:1257)
	at org.testng.internal.Invoker.invokeTestMethods(Invoker.java:1068)
	at org.testng.internal.TestMethodWorker.invokeTestMethods(TestMethodWorker.java:129)
	at org.testng.internal.TestMethodWorker.run(TestMethodWorker.java:112)
	at org.testng.TestRunner.privateRun(TestRunner.java:756)
	at org.testng.TestRunner.run(TestRunner.java:610)
	at org.testng.SuiteRunner.runTest(SuiteRunner.java:387)
	at org.testng.SuiteRunner.runSequentially(SuiteRunner.java:382)
	at org.testng.SuiteRunner.privateRun(SuiteRunner.java:340)
	at org.testng.SuiteRunner.run(SuiteRunner.java:289)
	at org.testng.SuiteRunnerWorker.runSuite(SuiteRunnerWorker.java:52)
	at org.testng.SuiteRunnerWorker.run(SuiteRunnerWorker.java:86)
	at org.testng.TestNG.runSuitesSequentially(TestNG.java:1293)
	at org.testng.TestNG.runSuitesLocally(TestNG.java:1218)
	at org.testng.TestNG.runSuites(TestNG.java:1133)
	at org.testng.TestNG.run(TestNG.java:1104)
	at org.apache.maven.surefire.testng.TestNGExecutor.run(TestNGExecutor.java:281)
	at org.apache.maven.surefire.testng.TestNGXmlTestSuite.execute(TestNGXmlTestSuite.java:75)
	at org.apache.maven.surefire.testng.TestNGProvider.invoke(TestNGProvider.java:121)
	at org.apache.maven.surefire.booter.ForkedBooter.invokeProviderInSameClassLoader(ForkedBooter.java:290)
	at org.apache.maven.surefire.booter.ForkedBooter.runSuitesInProcess(ForkedBooter.java:242)
	at org.apache.maven.surefire.booter.ForkedBooter.main(ForkedBooter.java:121)
</stack-trace>
            </failure>
            <steps/>
            <attachments/>
            <labels>
                <label name="testSuite" value="package ca.in.test"/>
                <label name="testGroup" value="ca.in.test"/>
                <label name="testClass" value="ca.in.test.FullTest"/>
                <label name="testMethod" value="checkPaymentResultats"/>
                <label name="host" value="derevyanchenko-pc"/>
                <label name="thread" value="21180@derevyanchenko-pc.main(1)"/>
            </labels>
        </test-case>
    </test-cases>
    <labels>
        <label name="framework" value="TestNG"/>
        <label name="language" value="JAVA"/>
    </labels>
</ns2:test-suite>
