<?xml version="1.0" encoding="UTF-8"?>
<!-- Generated by org.testng.reporters.JUnitReportReporter -->
<testsuite name="ca.in.test.FullTest" tests="15" time="34.719" ignored="0" failures="1" timestamp="23 Feb 2017 16:32:49 GMT" skipped="0" hostname="derevyanchenko-pc" errors="0">
  <testcase name="checkAmortissementDropdown" time="0.254" classname="ca.in.test.FullTest"/>
  <testcase name="checkCalculateYourPaymentsButtonClicked" time="6.100" classname="ca.in.test.FullTest"/>
  <testcase name="loadFirstPage" time="11.094" classname="ca.in.test.FullTest"/>
  <testcase name="checkTauxInteretField" time="0.173" classname="ca.in.test.FullTest"/>
  <testcase name="checkbtnCalculerButton" time="0.239" classname="ca.in.test.FullTest"/>
  <testcase name="checkDownPaymentSliderChangePosition" time="2.111" classname="ca.in.test.FullTest"/>
  <testcase name="checkPurchasePriceSliderChangePositionWithSliderPlusButton" time="0.351" classname="ca.in.test.FullTest"/>
  <testcase name="checkClearSliderPositionUsingPurchasePriceFieldVariantFirst" time="2.167" classname="ca.in.test.FullTest"/>
  <testcase name="openIndividualsPage" time="5.261" classname="ca.in.test.FullTest"/>
  <testcase name="checkFrequenceVersementDropdown" time="0.225" classname="ca.in.test.FullTest"/>
  <testcase name="checkClearSliderPositionUsingPurchasePriceFieldVariantSecond" time="0.090" classname="ca.in.test.FullTest"/>
  <testcase name="checkPaymentResultats" time="0.787" classname="ca.in.test.FullTest">
    <failure type="java.lang.AssertionError" message="expected [$ 836.75] but found [$ 726.35]">
      <![CDATA[java.lang.AssertionError: expected [$ 836.75] but found [$ 726.35]
	at org.testng.Assert.fail(Assert.java:94)
	at org.testng.Assert.failNotEquals(Assert.java:513)
	at org.testng.Assert.assertEqualsImpl(Assert.java:135)
	at org.testng.Assert.assertEquals(Assert.java:116)
	at org.testng.Assert.assertEquals(Assert.java:190)
	at org.testng.Assert.assertEquals(Assert.java:200)
	at ca.in.test.MortgagePaymentCalculatorPage.checkPaymentResultats(MortgagePaymentCalculatorPage.java:267)
	at ca.in.test.FullTest.checkPaymentResultats(FullTest.java:194)
	at sun.reflect.NativeMethodAccessorImpl.invoke0(Native Method)
	at sun.reflect.NativeMethodAccessorImpl.invoke(Unknown Source)
	at sun.reflect.DelegatingMethodAccessorImpl.invoke(Unknown Source)
	at java.lang.reflect.Method.invoke(Unknown Source)
	at org.testng.internal.MethodInvocationHelper.invokeMethod(MethodInvocationHelper.java:104)
	at org.testng.internal.Invoker.invokeMethod(Invoker.java:645)
	at org.testng.internal.Invoker.invokeTestMethod(Invoker.java:851)
	at org.testng.internal.Invoker.invokeTestMethods(Invoker.java:1177)
	at org.testng.internal.TestMethodWorker.invokeTestMethods(TestMethodWorker.java:129)
	at org.testng.internal.TestMethodWorker.run(TestMethodWorker.java:112)
	at org.testng.TestRunner.privateRun(TestRunner.java:756)
	at org.testng.TestRunner.run(TestRunner.java:610)
	at org.testng.SuiteRunner.runTest(SuiteRunner.java:387)
	at org.testng.SuiteRunner.runSequentially(SuiteRunner.java:382)
	at org.testng.SuiteRunner.privateRun(SuiteRunner.java:340)
	at org.testng.SuiteRunner.run(SuiteRunner.java:289)
	at org.testng.SuiteRunnerWorker.runSuite(SuiteRunnerWorker.java:52)
	at org.testng.SuiteRunnerWorker.run(SuiteRunnerWorker.java:86)
	at org.testng.TestNG.runSuitesSequentially(TestNG.java:1293)
	at org.testng.TestNG.runSuitesLocally(TestNG.java:1218)
	at org.testng.TestNG.runSuites(TestNG.java:1133)
	at org.testng.TestNG.run(TestNG.java:1104)
	at org.testng.remote.AbstractRemoteTestNG.run(AbstractRemoteTestNG.java:132)
	at org.testng.remote.RemoteTestNG.initAndRun(RemoteTestNG.java:236)
	at org.testng.remote.RemoteTestNG.main(RemoteTestNG.java:81)
]]>
    </failure>
  </testcase> <!-- checkPaymentResultats -->
  <testcase name="checkLoansLinkClicked" time="0.265" classname="ca.in.test.FullTest"/>
  <testcase name="checkPurchasePriceSliderWork" time="0.285" classname="ca.in.test.FullTest"/>
  <testcase name="checkMortgagesLinkClicked" time="5.317" classname="ca.in.test.FullTest"/>
</testsuite> <!-- ca.in.test.FullTest -->
